This is pdfTeX, Version 3.14159265-2.6-1.40.21 (TeX Live 2020/Debian) (preloaded format=pdflatex 2020.10.23)  1 JAN 2021 18:36
entering extended mode
 restricted \write18 enabled.
 %&-line parsing enabled.
**fabsec-report-kretschmar-main.tex
(./fabsec-report-kretschmar-main.tex
LaTeX2e <2020-02-02> patch level 5
L3 programming layer <2020-07-17>
(/usr/share/texlive/texmf-dist/tex/latex/base/article.cls
Document Class: article 2019/12/20 v1.4l Standard LaTeX document class
(/usr/share/texlive/texmf-dist/tex/latex/base/size12.clo
File: size12.clo 2019/12/20 v1.4l Standard LaTeX file (size option)
)
\c@part=\count168
\c@section=\count169
\c@subsection=\count170
\c@subsubsection=\count171
\c@paragraph=\count172
\c@subparagraph=\count173
\c@figure=\count174
\c@table=\count175
\abovecaptionskip=\skip47
\belowcaptionskip=\skip48
\bibindent=\dimen134
)
(/usr/share/texlive/texmf-dist/tex/latex/geometry/geometry.sty
Package: geometry 2020/01/02 v5.9 Page Geometry

(/usr/share/texlive/texmf-dist/tex/latex/graphics/keyval.sty
Package: keyval 2014/10/28 v1.15 key=value parser (DPC)
\KV@toks@=\toks15
)
(/usr/share/texlive/texmf-dist/tex/generic/iftex/ifvtex.sty
Package: ifvtex 2019/10/25 v1.7 ifvtex legacy package. Use iftex instead.

(/usr/share/texlive/texmf-dist/tex/generic/iftex/iftex.sty
Package: iftex 2020/03/06 v1.0d TeX engine tests
))
\Gm@cnth=\count176
\Gm@cntv=\count177
\c@Gm@tempcnt=\count178
\Gm@bindingoffset=\dimen135
\Gm@wd@mp=\dimen136
\Gm@odd@mp=\dimen137
\Gm@even@mp=\dimen138
\Gm@layoutwidth=\dimen139
\Gm@layoutheight=\dimen140
\Gm@layouthoffset=\dimen141
\Gm@layoutvoffset=\dimen142
\Gm@dimlist=\toks16
)
(/usr/share/texlive/texmf-dist/tex/latex/preprint/authblk.sty
Package: authblk 2001/02/27 1.3 (PWD)
\affilsep=\skip49
\@affilsep=\skip50
\c@Maxaffil=\count179
\c@authors=\count180
\c@affil=\count181
)
(/usr/share/texlive/texmf-dist/tex/latex/titlesec/titlesec.sty
Package: titlesec 2019/10/16 v2.13 Sectioning titles
\ttl@box=\box45
\beforetitleunit=\skip51
\aftertitleunit=\skip52
\ttl@plus=\dimen143
\ttl@minus=\dimen144
\ttl@toksa=\toks17
\titlewidth=\dimen145
\titlewidthlast=\dimen146
\titlewidthfirst=\dimen147
)
(/usr/share/texlive/texmf-dist/tex/latex/tools/verbatim.sty
Package: verbatim 2019/11/10 v1.5r LaTeX2e package for verbatim enhancements
\every@verbatim=\toks18
\verbatim@line=\toks19
\verbatim@in@stream=\read2
)
(/usr/share/texlive/texmf-dist/tex/latex/graphics/graphicx.sty
Package: graphicx 2019/11/30 v1.2a Enhanced LaTeX Graphics (DPC,SPQR)

(/usr/share/texlive/texmf-dist/tex/latex/graphics/graphics.sty
Package: graphics 2019/11/30 v1.4a Standard LaTeX Graphics (DPC,SPQR)

(/usr/share/texlive/texmf-dist/tex/latex/graphics/trig.sty
Package: trig 2016/01/03 v1.10 sin cos tan (DPC)
)
(/usr/share/texlive/texmf-dist/tex/latex/graphics-cfg/graphics.cfg
File: graphics.cfg 2016/06/04 v1.11 sample graphics configuration
)
Package graphics Info: Driver file: pdftex.def on input line 105.

(/usr/share/texlive/texmf-dist/tex/latex/graphics-def/pdftex.def
File: pdftex.def 2018/01/08 v1.0l Graphics/color driver for pdftex
))
\Gin@req@height=\dimen148
\Gin@req@width=\dimen149
)
(/usr/share/texlive/texmf-dist/tex/latex/float/float.sty
Package: float 2001/11/08 v1.3d Float enhancements (AL)
\c@float@type=\count182
\float@exts=\toks20
\float@box=\box46
\@float@everytoks=\toks21
\@floatcapt=\box47
)
(/usr/share/texlive/texmf-dist/tex/generic/babel/babel.sty
Package: babel 2020/07/13 3.47 The Babel package

(/usr/share/texlive/texmf-dist/tex/generic/babel/babel.def
File: babel.def 2020/07/13 3.47 Babel common definitions
\babel@savecnt=\count183
\U@D=\dimen150
\l@babelnohyphens=\language5

(/usr/share/texlive/texmf-dist/tex/generic/babel/txtbabel.def)
\bbl@readstream=\read3
)
\bbl@dirlevel=\count184

(/usr/share/texlive/texmf-dist/tex/generic/babel-english/english.ldf
Language: english 2017/06/06 v3.3r English support from the babel system
Package babel Info: \l@canadian = using hyphenrules for english
(babel)             (\language0) on input line 102.
Package babel Info: \l@australian = using hyphenrules for ukenglish
(babel)             (\language3) on input line 105.
Package babel Info: \l@newzealand = using hyphenrules for ukenglish
(babel)             (\language3) on input line 108.
))
(/usr/share/texlive/texmf-dist/tex/latex/csquotes/csquotes.sty
Package: csquotes 2019-12-06 v5.2j context-sensitive quotations (JAW)

(/usr/share/texlive/texmf-dist/tex/latex/etoolbox/etoolbox.sty
Package: etoolbox 2020/07/15 v2.5i e-TeX tools for LaTeX (JAW)
\etb@tempcnta=\count185
)
\csq@reset=\count186
\csq@gtype=\count187
\csq@glevel=\count188
\csq@qlevel=\count189
\csq@maxlvl=\count190
\csq@tshold=\count191
\csq@ltx@everypar=\toks22

(/usr/share/texlive/texmf-dist/tex/latex/csquotes/csquotes.def
File: csquotes.def 2019-12-06 v5.2j csquotes generic definitions (JAW)
)
Package csquotes Info: Trying to load configuration file 'csquotes.cfg'...
Package csquotes Info: ... configuration file loaded successfully.

(/usr/share/texlive/texmf-dist/tex/latex/csquotes/csquotes.cfg
File: csquotes.cfg 
)
Package csquotes Info: Enabling multilingual quotes.
Package csquotes Info: Redefining alias 'english' -> 'english/american'.
)
Package csquotes Info: Allocating character ".
Package csquotes Info: Checking for multilingual support...
Package csquotes Info: ... found 'babel' package.

(/usr/share/texlive/texmf-dist/tex/latex/l3backend/l3backend-pdfmode.def
File: l3backend-pdfmode.def 2020-06-29 L3 backend support: PDF mode
\l__kernel_color_stack_int=\count192
\l__pdf_internal_box=\box48
)
(./fabsec-report-kretschmar-main.aux
(./fabsec-report-introduction/fabsec-report-introduction-paper.aux)
(./fabsec-report-hyperledger/fabsec-report-hyperledger-paper.aux)
(./fabsec-report-system-design/fabsec-report-system-design-paper.aux)
(./fabsec-report-network-flow/fabsec-report-network-flow-paper.aux)
(./fabsec-report-summary/fabsec-report-summary-paper.aux)
(./fabsec-report-conclusion/fabsec-report-conclusion-paper.aux))
\openout1 = `fabsec-report-kretschmar-main.aux'.

LaTeX Font Info:    Checking defaults for OML/cmm/m/it on input line 23.
LaTeX Font Info:    ... okay on input line 23.
LaTeX Font Info:    Checking defaults for OMS/cmsy/m/n on input line 23.
LaTeX Font Info:    ... okay on input line 23.
LaTeX Font Info:    Checking defaults for OT1/cmr/m/n on input line 23.
LaTeX Font Info:    ... okay on input line 23.
LaTeX Font Info:    Checking defaults for T1/cmr/m/n on input line 23.
LaTeX Font Info:    ... okay on input line 23.
LaTeX Font Info:    Checking defaults for TS1/cmr/m/n on input line 23.
LaTeX Font Info:    ... okay on input line 23.
LaTeX Font Info:    Checking defaults for OMX/cmex/m/n on input line 23.
LaTeX Font Info:    ... okay on input line 23.
LaTeX Font Info:    Checking defaults for U/cmr/m/n on input line 23.
LaTeX Font Info:    ... okay on input line 23.

*geometry* driver: auto-detecting
*geometry* detected driver: pdftex
*geometry* verbose mode - [ preamble ] result:
* driver: pdftex
* paper: letterpaper
* layout: <same size as paper>
* layoutoffset:(h,v)=(0.0pt,0.0pt)
* modes: 
* h-part:(L,W,R)=(92.14519pt, 430.00462pt, 92.14519pt)
* v-part:(T,H,B)=(95.39737pt, 556.47656pt, 143.09605pt)
* \paperwidth=614.295pt
* \paperheight=794.96999pt
* \textwidth=430.00462pt
* \textheight=556.47656pt
* \oddsidemargin=19.8752pt
* \evensidemargin=19.8752pt
* \topmargin=-13.87262pt
* \headheight=12.0pt
* \headsep=25.0pt
* \topskip=12.0pt
* \footskip=30.0pt
* \marginparwidth=44.0pt
* \marginparsep=10.0pt
* \columnsep=10.0pt
* \skip\footins=10.8pt plus 4.0pt minus 2.0pt
* \hoffset=0.0pt
* \voffset=0.0pt
* \mag=1000
* \@twocolumnfalse
* \@twosidefalse
* \@mparswitchfalse
* \@reversemarginfalse
* (1in=72.27pt=25.4mm, 1cm=28.453pt)

(/usr/share/texlive/texmf-dist/tex/context/base/mkii/supp-pdf.mkii
[Loading MPS to PDF converter (version 2006.09.02).]
\scratchcounter=\count193
\scratchdimen=\dimen151
\scratchbox=\box49
\nofMPsegments=\count194
\nofMParguments=\count195
\everyMPshowfont=\toks23
\MPscratchCnt=\count196
\MPscratchDim=\dimen152
\MPnumerator=\count197
\makeMPintoPDFobject=\count198
\everyMPtoPDFconversion=\toks24
) (/usr/share/texlive/texmf-dist/tex/latex/epstopdf-pkg/epstopdf-base.sty
Package: epstopdf-base 2020-01-24 v2.11 Base part for package epstopdf

(/usr/share/texlive/texmf-dist/tex/generic/infwarerr/infwarerr.sty
Package: infwarerr 2019/12/03 v1.5 Providing info/warning/error messages (HO)
)
(/usr/share/texlive/texmf-dist/tex/latex/grfext/grfext.sty
Package: grfext 2019/12/03 v1.3 Manage graphics extensions (HO)

(/usr/share/texlive/texmf-dist/tex/generic/kvdefinekeys/kvdefinekeys.sty
Package: kvdefinekeys 2019-12-19 v1.6 Define keys (HO)
))
(/usr/share/texlive/texmf-dist/tex/latex/kvoptions/kvoptions.sty
Package: kvoptions 2019/11/29 v3.13 Key value format for package options (HO)

(/usr/share/texlive/texmf-dist/tex/generic/ltxcmds/ltxcmds.sty
Package: ltxcmds 2019/12/15 v1.24 LaTeX kernel commands for general use (HO)
)
(/usr/share/texlive/texmf-dist/tex/generic/kvsetkeys/kvsetkeys.sty
Package: kvsetkeys 2019/12/15 v1.18 Key value parser (HO)
))
(/usr/share/texlive/texmf-dist/tex/generic/pdftexcmds/pdftexcmds.sty
Package: pdftexcmds 2020-06-27 v0.33 Utility functions of pdfTeX for LuaTeX (HO
)
Package pdftexcmds Info: \pdf@primitive is available.
Package pdftexcmds Info: \pdf@ifprimitive is available.
Package pdftexcmds Info: \pdfdraftmode found.
)
Package epstopdf-base Info: Redefining graphics rule for `.eps' on input line 4
85.
Package grfext Info: Graphics extension search list:
(grfext)             [.pdf,.png,.jpg,.mps,.jpeg,.jbig2,.jb2,.PDF,.PNG,.JPG,.JPE
G,.JBIG2,.JB2,.eps]
(grfext)             \AppendGraphicsExtensions on input line 504.

(/usr/share/texlive/texmf-dist/tex/latex/latexconfig/epstopdf-sys.cfg
File: epstopdf-sys.cfg 2010/07/13 v1.3 Configuration of (r)epstopdf for TeX Liv
e
))
Package csquotes Info: Making character " active on input line 23.

[1

{/var/lib/texmf/fonts/map/pdftex/updmap/pdftex.map}]
(./fabsec-report-kretschmar-main.toc
LaTeX Font Info:    External font `cmex10' loaded for size
(Font)              <12> on input line 3.
LaTeX Font Info:    External font `cmex10' loaded for size
(Font)              <8> on input line 3.
LaTeX Font Info:    External font `cmex10' loaded for size
(Font)              <6> on input line 3.
)
\tf@toc=\write3
\openout3 = `fabsec-report-kretschmar-main.toc'.

 [2]
\openout2 = `./fabsec-report-introduction/fabsec-report-introduction-paper.aux'
.


(./fabsec-report-introduction/fabsec-report-introduction-paper.tex
Underfull \hbox (badness 10000) in paragraph at lines 2--3

 []

LaTeX Font Info:    External font `cmex10' loaded for size
(Font)              <7> on input line 4.
LaTeX Font Info:    External font `cmex10' loaded for size
(Font)              <5> on input line 4.

Underfull \hbox (badness 10000) in paragraph at lines 4--5

 []

[3

]
Underfull \hbox (badness 10000) in paragraph at lines 10--11

 []


Underfull \hbox (badness 10000) in paragraph at lines 15--16

 []

[4]
<./fabsec-report-introduction/blockchain-diagram-resized.jpg, id=22, 702.625pt 
x 361.35pt>
File: ./fabsec-report-introduction/blockchain-diagram-resized.jpg Graphic file 
(type jpg)
<use ./fabsec-report-introduction/blockchain-diagram-resized.jpg>
Package pdftex.def Info: ./fabsec-report-introduction/blockchain-diagram-resize
d.jpg  used on input line 18.
(pdftex.def)             Requested size: 430.00462pt x 221.15099pt.

Underfull \hbox (badness 10000) in paragraph at lines 22--23

 []

[5 <./fabsec-report-introduction/blockchain-diagram-resized.jpg>]
Underfull \hbox (badness 10000) in paragraph at lines 25--26

 []

[6]
Underfull \hbox (badness 10000) in paragraph at lines 33--34

 []


Underfull \hbox (badness 10000) in paragraph at lines 35--36

 []


Underfull \hbox (badness 10000) in paragraph at lines 37--38

 []

[7])
Underfull \hbox (badness 10000) in paragraph at lines 49--32

 []

[8]
\openout2 = `./fabsec-report-hyperledger/fabsec-report-hyperledger-paper.aux'.

 (./fabsec-report-hyperledger/fabsec-report-hyperledger-paper.tex
Underfull \hbox (badness 10000) in paragraph at lines 2--3

 []


Underfull \hbox (badness 10000) in paragraph at lines 4--5

 []


Underfull \hbox (badness 10000) in paragraph at lines 6--7

 []


Underfull \hbox (badness 10000) in paragraph at lines 9--10

 []

[9


]
Underfull \hbox (badness 10000) in paragraph at lines 11--12

 []


Underfull \hbox (badness 10000) in paragraph at lines 13--14

 []


Underfull \hbox (badness 10000) in paragraph at lines 15--16

 []

[10]
Underfull \hbox (badness 10000) in paragraph at lines 17--18

 []


Underfull \hbox (badness 10000) in paragraph at lines 19--20

 []

File: "./fabsec-report-hyperledger/msp-tree-nonuni.txt"  (verbatim)
[11]
Underfull \hbox (badness 10000) in paragraph at lines 26--27

 []


Underfull \hbox (badness 10000) in paragraph at lines 29--30

 []


Underfull \hbox (badness 10000) in paragraph at lines 32--33

 []

[12]
Underfull \hbox (badness 10000) in paragraph at lines 34--35

 []


Underfull \hbox (badness 10000) in paragraph at lines 36--37

 []


Underfull \hbox (badness 10000) in paragraph at lines 38--39

 []


Underfull \hbox (badness 10000) in paragraph at lines 41--42

 []

[13]
Underfull \hbox (badness 10000) in paragraph at lines 44--45

 []


Underfull \hbox (badness 10000) in paragraph at lines 46--47

 []


Underfull \hbox (badness 10000) in paragraph at lines 49--50

 []

[14]
Underfull \hbox (badness 10000) in paragraph at lines 52--53

 []

)
Underfull \hbox (badness 10000) in paragraph at lines 55--35

 []

[15]
\openout2 = `./fabsec-report-system-design/fabsec-report-system-design-paper.au
x'.

 (./fabsec-report-system-design/fabsec-report-system-design-paper.tex
Overfull \hbox (3.00894pt too wide) in paragraph at lines 2--3
\OT1/cmr/m/n/12 were made, the scripts that bring the net-work to-gether, and t
he Javascript (chain)code
 []


Underfull \hbox (badness 10000) in paragraph at lines 2--3

 []

<./fabsec-report-system-design/fabric-network-diagram.png, id=60, 1105.12875pt 
x 676.5275pt>
File: ./fabsec-report-system-design/fabric-network-diagram.png Graphic file (ty
pe png)
<use ./fabsec-report-system-design/fabric-network-diagram.png>
Package pdftex.def Info: ./fabsec-report-system-design/fabric-network-diagram.p
ng  used on input line 5.
(pdftex.def)             Requested size: 430.00462pt x 263.2356pt.

Underfull \hbox (badness 10000) in paragraph at lines 10--11

 []

[16


 <./fabsec-report-system-design/fabric-network-diagram.png>]
File: "./fabsec-report-system-design/fabsec-orderer-tree-nonuni.txt"  (verbatim
)

Overfull \hbox (14.5956pt too wide) in paragraph at lines 14--14
[]\OT1/cmtt/m/n/12 |       |       |   |-- configtxgen -> ../../../../../../bin
/configtxgen[] 
 []


Underfull \hbox (badness 10000) in paragraph at lines 16--17

 []

[17]
File: "./fabsec-report-system-design/fabsec-peer-tree-nonuni.txt"  (verbatim)

Overfull \hbox (76.34563pt too wide) in paragraph at lines 20--20
[]    \OT1/cmtt/m/n/12 |   |       |   |-- fabric-ca-client -> ../../../../../.
./bin/fabric-ca-client[] 
 []


Overfull \hbox (14.5956pt too wide) in paragraph at lines 20--20
[]    \OT1/cmtt/m/n/12 |   |       |   |-- configtxgen -> ../../../../../../bin
/configtxgen[] 
 []


Underfull \hbox (badness 10000) in paragraph at lines 22--23

 []

[18]
Underfull \hbox (badness 10000) in paragraph at lines 24--25

 []


Underfull \hbox (badness 10000) in paragraph at lines 41--42

 []

[19]
Underfull \hbox (badness 10000) in paragraph at lines 63--64

 []

[20] [21]
Underfull \hbox (badness 10000) in paragraph at lines 92--93

 []

[22]
Underfull \hbox (badness 10000) in paragraph at lines 110--111

 []

[23]
Underfull \hbox (badness 10000) in paragraph at lines 123--124

 []

[24] [25] [26]
Underfull \hbox (badness 10000) in paragraph at lines 156--157

 []


Underfull \hbox (badness 10000) in paragraph at lines 158--159

 []

[27]
Overfull \hbox (41.13391pt too wide) in paragraph at lines 168--169
[]\OT1/cmr/m/n/12 General.TLS.RootCAs -- The CA Server Cer-tifi-cate, \OT1/cmr/
m/it/12 ./tls-msp/signcerts/hypertest-
 []


Overfull \hbox (47.13579pt too wide) in paragraph at lines 170--171
\OT1/cmr/m/n/12 when ini-tial-iz-ing the Or-derer Sys-tem Chan-nel, \OT1/cmr/m/
it/12 ./system-genesis-block/genesis.block\OT1/cmr/m/n/12 . 
 []


Underfull \hbox (badness 10000) in paragraph at lines 180--181

 []

[28] [29]
File: "./fabsec-report-system-design/fabsec-configtx-profiles.txt"  (verbatim)

Overfull \hbox (31.62029pt too wide) in paragraph at lines 201--201
 []\OT1/cmtt/m/n/12 # K: These are the profiles that I'm adding which will be u
sed for the[] 
 []


Overfull \hbox (62.4953pt too wide) in paragraph at lines 201--201
 []\OT1/cmtt/m/n/12 # configtxgen binary which are FabSecOrdererGenesis for cre
ating the system[] 
 []


Overfull \hbox (43.97029pt too wide) in paragraph at lines 201--201
 []\OT1/cmtt/m/n/12 # channel Genesis Block, and the FabSecChannel to create th
e application[] 
 []

[30] [31] [32] [33] [34]
Underfull \hbox (badness 10000) in paragraph at lines 253--254

 []

[35]
Overfull \hbox (13.8234pt too wide) in paragraph at lines 255--256
\OT1/cmr/m/it/12 output config-block.json \OT1/cmr/m/n/12 and \OT1/cmr/m/it/12 
jq '.data.data[0]/payload.data.config' config-block.json
 []


Underfull \hbox (badness 10000) in paragraph at lines 255--256

 []

LaTeX Font Info:    Trying to load font information for OMS+cmr on input line 2
57.
(/usr/share/texlive/texmf-dist/tex/latex/base/omscmr.fd
File: omscmr.fd 2019/12/16 v2.5j Standard LaTeX font definitions
)
LaTeX Font Info:    Font shape `OMS/cmr/m/it' in size <12> not available
(Font)              Font shape `OMS/cmsy/m/n' tried instead on input line 257.

Overfull \hbox (4.07065pt too wide) in paragraph at lines 257--258
\OT1/cmr/m/it/12 nel[]group.groups.Application.groups.\  org\TS1/cmr/m/it/12 $\
OT1/cmr/m/it/12 orgNum.fabsec.com".values' \OT1/cmr/m/n/12 and adds
 []


Overfull \hbox (14.60408pt too wide) in paragraph at lines 257--258
\OT1/cmr/m/n/12 the stanza \OMS/cmsy/m/n/12 f\OT1/cmr/m/it/12 \  An-chor Peers"
: \OMS/cmsy/m/n/12 f\OT1/cmr/m/it/12 \  mod[]policy": \  Ad-mins", \  value":\O
MS/cmsy/m/n/12 f\OT1/cmr/m/it/12 \  an-chor[]peers":
 []


Underfull \hbox (badness 10000) in paragraph at lines 257--258

 []


Overfull \hbox (22.25368pt too wide) in paragraph at lines 259--260
\OT1/cmr/m/it/12 '\  \OMS/cmsy/m/n/12 f\OT1/cmr/m/it/12 payload":\OMS/cmsy/m/n/
12 f\OT1/cmr/m/it/12 \  header":\OMS/cmsy/m/n/12 f\OT1/cmr/m/it/12 \  chan-nel[
]header":\OMS/cmsy/m/n/12 f\OT1/cmr/m/it/12 \  chan-nel[]id": \  fabsec-channel
", \  type":
 []


Underfull \hbox (badness 10000) in paragraph at lines 259--260

 []

[36] [37]
Underfull \hbox (badness 10000) in paragraph at lines 282--283

 []

[38] [39]
Underfull \hbox (badness 10000) in paragraph at lines 320--321

 []


Underfull \hbox (badness 10000) in paragraph at lines 322--323

 []


Underfull \hbox (badness 10000) in paragraph at lines 326--327

 []

[40]
Underfull \hbox (badness 10000) in paragraph at lines 338--339

 []


Overfull \hbox (3.90924pt too wide) in paragraph at lines 340--341
[] \OT1/cmr/m/n/12 This mod-ule will use the ap-pro-pri-ate Or-ga-ni-za-tion's 
Fab-ric CA Server
 []


Underfull \hbox (badness 10000) in paragraph at lines 340--341

 []


Underfull \hbox (badness 10000) in paragraph at lines 344--345

 []


Underfull \hbox (badness 10000) in paragraph at lines 348--349

 []

[41]
Underfull \hbox (badness 10000) in paragraph at lines 350--351

 []


Underfull \hbox (badness 10000) in paragraph at lines 362--363

 []

) [42]
\openout2 = `./fabsec-report-network-flow/fabsec-report-network-flow-paper.aux'
.

 (./fabsec-report-network-flow/fabsec-report-network-flow-paper.tex
Underfull \hbox (badness 10000) in paragraph at lines 2--3

 []

<./fabsec-report-network-flow/network-flow-1.jpg, id=152, 1378.14874pt x 808.01
875pt>
File: ./fabsec-report-network-flow/network-flow-1.jpg Graphic file (type jpg)
<use ./fabsec-report-network-flow/network-flow-1.jpg>
Package pdftex.def Info: ./fabsec-report-network-flow/network-flow-1.jpg  used 
on input line 7.
(pdftex.def)             Requested size: 430.00462pt x 252.1107pt.
[43


 <./fabsec-report-network-flow/network-flow-1.jpg>]
<./fabsec-report-network-flow/network-flow-2.jpg, id=157, 1379.1525pt x 807.015
pt>
File: ./fabsec-report-network-flow/network-flow-2.jpg Graphic file (type jpg)
<use ./fabsec-report-network-flow/network-flow-2.jpg>
Package pdftex.def Info: ./fabsec-report-network-flow/network-flow-2.jpg  used 
on input line 15.
(pdftex.def)             Requested size: 430.00462pt x 251.61281pt.
 [44 <./fabsec-report-network-flow/network-flow-2.jpg>]
<./fabsec-report-network-flow/network-flow-3.jpg, id=161, 1378.14874pt x 805.00
75pt>
File: ./fabsec-report-network-flow/network-flow-3.jpg Graphic file (type jpg)
<use ./fabsec-report-network-flow/network-flow-3.jpg>
Package pdftex.def Info: ./fabsec-report-network-flow/network-flow-3.jpg  used 
on input line 23.
(pdftex.def)             Requested size: 344.005pt x 200.932pt.
<./fabsec-report-network-flow/network-flow-4.jpg, id=162, 1376.14125pt x 803.0p
t>
File: ./fabsec-report-network-flow/network-flow-4.jpg Graphic file (type jpg)
<use ./fabsec-report-network-flow/network-flow-4.jpg>
Package pdftex.def Info: ./fabsec-report-network-flow/network-flow-4.jpg  used 
on input line 29.
(pdftex.def)             Requested size: 344.005pt x 200.725pt.
 [45 <./fabsec-report-network-flow/network-flow-3.jpg> <./fabsec-report-network
-flow/network-flow-4.jpg>]
<./fabsec-report-network-flow/network-flow-5.jpg, id=166, 1376.14125pt x 807.01
5pt>
File: ./fabsec-report-network-flow/network-flow-5.jpg Graphic file (type jpg)
<use ./fabsec-report-network-flow/network-flow-5.jpg>
Package pdftex.def Info: ./fabsec-report-network-flow/network-flow-5.jpg  used 
on input line 38.
(pdftex.def)             Requested size: 430.00462pt x 252.16693pt.
 [46 <./fabsec-report-network-flow/network-flow-5.jpg>]
<./fabsec-report-network-flow/network-flow-6.jpg, id=170, 1374.13374pt x 805.00
75pt>
File: ./fabsec-report-network-flow/network-flow-6.jpg Graphic file (type jpg)
<use ./fabsec-report-network-flow/network-flow-6.jpg>
Package pdftex.def Info: ./fabsec-report-network-flow/network-flow-6.jpg  used 
on input line 46.
(pdftex.def)             Requested size: 344.005pt x 201.52162pt.
<./fabsec-report-network-flow/network-flow-7.jpg, id=171, 1376.14125pt x 809.02
25pt>
File: ./fabsec-report-network-flow/network-flow-7.jpg Graphic file (type jpg)
<use ./fabsec-report-network-flow/network-flow-7.jpg>
Package pdftex.def Info: ./fabsec-report-network-flow/network-flow-7.jpg  used 
on input line 52.
(pdftex.def)             Requested size: 344.005pt x 202.23044pt.
 [47 <./fabsec-report-network-flow/network-flow-6.jpg> <./fabsec-report-network
-flow/network-flow-7.jpg>]
<./fabsec-report-network-flow/network-flow-8.jpg, id=175, 1380.15625pt x 805.00
75pt>
File: ./fabsec-report-network-flow/network-flow-8.jpg Graphic file (type jpg)
<use ./fabsec-report-network-flow/network-flow-8.jpg>
Package pdftex.def Info: ./fabsec-report-network-flow/network-flow-8.jpg  used 
on input line 61.
(pdftex.def)             Requested size: 430.00462pt x 250.81494pt.
 [48 <./fabsec-report-network-flow/network-flow-8.jpg>]
<./fabsec-report-network-flow/network-flow-9.jpg, id=179, 1379.1525pt x 805.007
5pt>
File: ./fabsec-report-network-flow/network-flow-9.jpg Graphic file (type jpg)
<use ./fabsec-report-network-flow/network-flow-9.jpg>
Package pdftex.def Info: ./fabsec-report-network-flow/network-flow-9.jpg  used 
on input line 69.
(pdftex.def)             Requested size: 430.00462pt x 250.98691pt.
<./fabsec-report-network-flow/network-flow-10.jpg, id=180, 1374.13374pt x 805.0
075pt>
File: ./fabsec-report-network-flow/network-flow-10.jpg Graphic file (type jpg)
<use ./fabsec-report-network-flow/network-flow-10.jpg>
Package pdftex.def Info: ./fabsec-report-network-flow/network-flow-10.jpg  used
 on input line 74.
(pdftex.def)             Requested size: 387.00153pt x 226.71489pt.
 [49 <./fabsec-report-network-flow/network-flow-9.jpg>]
<./fabsec-report-network-flow/network-flow-11.jpg, id=185, 1374.13374pt x 804.0
0375pt>
File: ./fabsec-report-network-flow/network-flow-11.jpg Graphic file (type jpg)
<use ./fabsec-report-network-flow/network-flow-11.jpg>
Package pdftex.def Info: ./fabsec-report-network-flow/network-flow-11.jpg  used
 on input line 80.
(pdftex.def)             Requested size: 387.00153pt x 226.4322pt.
 [50 <./fabsec-report-network-flow/network-flow-10.jpg> <./fabsec-report-networ
k-flow/network-flow-11.jpg>]
<./fabsec-report-network-flow/network-flow-12.jpg, id=190, 1376.14125pt x 803.0
pt>
File: ./fabsec-report-network-flow/network-flow-12.jpg Graphic file (type jpg)
<use ./fabsec-report-network-flow/network-flow-12.jpg>
Package pdftex.def Info: ./fabsec-report-network-flow/network-flow-12.jpg  used
 on input line 89.
(pdftex.def)             Requested size: 430.00462pt x 250.91238pt.
<./fabsec-report-network-flow/network-flow-13.jpg, id=191, 1374.13374pt x 803.0
pt>
File: ./fabsec-report-network-flow/network-flow-13.jpg Graphic file (type jpg)
<use ./fabsec-report-network-flow/network-flow-13.jpg>
Package pdftex.def Info: ./fabsec-report-network-flow/network-flow-13.jpg  used
 on input line 94.
(pdftex.def)             Requested size: 387.00153pt x 226.1495pt.
 [51 <./fabsec-report-network-flow/network-flow-12.jpg>]
<./fabsec-report-network-flow/network-flow-14.jpg, id=195, 1376.14125pt x 809.0
225pt>
File: ./fabsec-report-network-flow/network-flow-14.jpg Graphic file (type jpg)
<use ./fabsec-report-network-flow/network-flow-14.jpg>
Package pdftex.def Info: ./fabsec-report-network-flow/network-flow-14.jpg  used
 on input line 100.
(pdftex.def)             Requested size: 387.00153pt x 227.51233pt.
 [52 <./fabsec-report-network-flow/network-flow-13.jpg> <./fabsec-report-networ
k-flow/network-flow-14.jpg>]
<./fabsec-report-network-flow/network-flow-15.jpg, id=199, 1375.1375pt x 803.0p
t>
File: ./fabsec-report-network-flow/network-flow-15.jpg Graphic file (type jpg)
<use ./fabsec-report-network-flow/network-flow-15.jpg>
Package pdftex.def Info: ./fabsec-report-network-flow/network-flow-15.jpg  used
 on input line 109.
(pdftex.def)             Requested size: 430.00462pt x 251.09616pt.
<./fabsec-report-network-flow/network-flow-16.jpg, id=200, 1381.16pt x 807.015p
t>
File: ./fabsec-report-network-flow/network-flow-16.jpg Graphic file (type jpg)
<use ./fabsec-report-network-flow/network-flow-16.jpg>
Package pdftex.def Info: ./fabsec-report-network-flow/network-flow-16.jpg  used
 on input line 114.
(pdftex.def)             Requested size: 387.00153pt x 226.12274pt.
 [53 <./fabsec-report-network-flow/network-flow-15.jpg>]
<./fabsec-report-network-flow/network-flow-17.jpg, id=204, 1376.14125pt x 803.0
pt>
File: ./fabsec-report-network-flow/network-flow-17.jpg Graphic file (type jpg)
<use ./fabsec-report-network-flow/network-flow-17.jpg>
Package pdftex.def Info: ./fabsec-report-network-flow/network-flow-17.jpg  used
 on input line 120.
(pdftex.def)             Requested size: 387.00153pt x 225.8187pt.
<./fabsec-report-network-flow/network-flow-18.jpg, id=205, 1375.1375pt x 803.0p
t>
File: ./fabsec-report-network-flow/network-flow-18.jpg Graphic file (type jpg)
<use ./fabsec-report-network-flow/network-flow-18.jpg>
Package pdftex.def Info: ./fabsec-report-network-flow/network-flow-18.jpg  used
 on input line 126.
(pdftex.def)             Requested size: 387.00153pt x 225.97797pt.
 [54 <./fabsec-report-network-flow/network-flow-16.jpg> <./fabsec-report-networ
k-flow/network-flow-17.jpg>]
<./fabsec-report-network-flow/network-flow-19.jpg, id=209, 1378.14874pt x 804.0
0375pt>
File: ./fabsec-report-network-flow/network-flow-19.jpg Graphic file (type jpg)
<use ./fabsec-report-network-flow/network-flow-19.jpg>
Package pdftex.def Info: ./fabsec-report-network-flow/network-flow-19.jpg  used
 on input line 132.
(pdftex.def)             Requested size: 387.00153pt x 225.76973pt.
 [55 <./fabsec-report-network-flow/network-flow-18.jpg> <./fabsec-report-networ
k-flow/network-flow-19.jpg>]
<./fabsec-report-network-flow/network-flow-20.jpg, id=214, 1376.14125pt x 809.0
225pt>
File: ./fabsec-report-network-flow/network-flow-20.jpg Graphic file (type jpg)
<use ./fabsec-report-network-flow/network-flow-20.jpg>
Package pdftex.def Info: ./fabsec-report-network-flow/network-flow-20.jpg  used
 on input line 141.
(pdftex.def)             Requested size: 430.00462pt x 252.79422pt.
<./fabsec-report-network-flow/network-flow-21.jpg, id=215, 1376.14125pt x 806.0
1125pt>
File: ./fabsec-report-network-flow/network-flow-21.jpg Graphic file (type jpg)
<use ./fabsec-report-network-flow/network-flow-21.jpg>
Package pdftex.def Info: ./fabsec-report-network-flow/network-flow-21.jpg  used
 on input line 146.
(pdftex.def)             Requested size: 387.00153pt x 226.6655pt.

[56 <./fabsec-report-network-flow/network-flow-20.jpg>]
<./fabsec-report-network-flow/network-flow-22.jpg, id=219, 1378.14874pt x 810.0
2625pt>
File: ./fabsec-report-network-flow/network-flow-22.jpg Graphic file (type jpg)
<use ./fabsec-report-network-flow/network-flow-22.jpg>
Package pdftex.def Info: ./fabsec-report-network-flow/network-flow-22.jpg  used
 on input line 151.
(pdftex.def)             Requested size: 387.00153pt x 227.46088pt.
) [57 <./fabsec-report-network-flow/network-flow-21.jpg> <./fabsec-report-netwo
rk-flow/network-flow-22.jpg>]
\openout2 = `./fabsec-report-summary/fabsec-report-summary-paper.aux'.

 (./fabsec-report-summary/fabsec-report-summary-paper.tex) [58


]
\openout2 = `./fabsec-report-conclusion/fabsec-report-conclusion-paper.aux'.


(./fabsec-report-conclusion/fabsec-report-conclusion-paper.tex) [59


]
(./fabsec-report-kretschmar-main.aux
(./fabsec-report-introduction/fabsec-report-introduction-paper.aux)
(./fabsec-report-hyperledger/fabsec-report-hyperledger-paper.aux)
(./fabsec-report-system-design/fabsec-report-system-design-paper.aux)
(./fabsec-report-network-flow/fabsec-report-network-flow-paper.aux)
(./fabsec-report-summary/fabsec-report-summary-paper.aux)
(./fabsec-report-conclusion/fabsec-report-conclusion-paper.aux)) ) 
Here is how much of TeX's memory you used:
 4419 strings out of 482811
 72849 string characters out of 5955739
 340594 words of memory out of 5000000
 19639 multiletter control sequences out of 15000+600000
 542479 words of font info for 53 fonts, out of 8000000 for 9000
 36 hyphenation exceptions out of 8191
 40i,8n,37p,1831b,335s stack positions out of 5000i,500n,10000p,200000b,80000s
 </home/armer
suender/.texlive2020/texmf-var/fonts/pk/ljfour/jknappen/ec/tcti1200.600pk> </ho
me/armersuender/.texlive2020/texmf-var/fonts/pk/ljfour/jknappen/ec/tcrm1200.600
pk></usr/share/texlive/texmf-dist/fonts/type1/public/amsfonts/cm/cmbx10.pfb></u
sr/share/texlive/texmf-dist/fonts/type1/public/amsfonts/cm/cmbx12.pfb></usr/sha
re/texlive/texmf-dist/fonts/type1/public/amsfonts/cm/cmmi12.pfb></usr/share/tex
live/texmf-dist/fonts/type1/public/amsfonts/cm/cmr10.pfb></usr/share/texlive/te
xmf-dist/fonts/type1/public/amsfonts/cm/cmr12.pfb></usr/share/texlive/texmf-dis
t/fonts/type1/public/amsfonts/cm/cmr7.pfb></usr/share/texlive/texmf-dist/fonts/
type1/public/amsfonts/cm/cmr8.pfb></usr/share/texlive/texmf-dist/fonts/type1/pu
blic/amsfonts/cm/cmsy10.pfb></usr/share/texlive/texmf-dist/fonts/type1/public/a
msfonts/cm/cmti10.pfb></usr/share/texlive/texmf-dist/fonts/type1/public/amsfont
s/cm/cmti12.pfb></usr/share/texlive/texmf-dist/fonts/type1/public/amsfonts/cm/c
mtt12.pfb>
Output written on fabsec-report-kretschmar-main.pdf (59 pages, 15270975 bytes).

PDF statistics:
 275 PDF objects out of 1000 (max. 8388607)
 174 compressed objects within 2 object streams
 0 named destinations out of 1000 (max. 500000)
 121 words of extra memory for PDF output out of 10000 (max. 10000000)

